Arguments: 
  /Users/aleksandrzinin/.nvm/versions/node/v8.9.3/bin/node /Users/aleksandrzinin/.nvm/versions/node/v8.9.3/bin/yarn add --dev @types/extract-text-webpack-plugin

PATH: 
  /Users/aleksandrzinin/env/work/bpmkiller/bpmkiller-server/node_modules/.bin:/Users/aleksandrzinin/env/work/bpmkiller/node_modules/.bin:/Users/aleksandrzinin/env/work/node_modules/.bin:/Users/aleksandrzinin/env/node_modules/.bin:/Users/aleksandrzinin/node_modules/.bin:/Users/node_modules/.bin:/node_modules/.bin:/Users/aleksandrzinin/.nvm/versions/node/v8.9.3/bin:/Users/aleksandrzinin/.rbenv/shims:/usr/local/opt/rbenv/bin:/Users/aleksandrzinin/.nvm/versions/node/v8.9.3/bin:/Users/aleksandrzinin/bin:/usr/local/bin:/usr/local/bin:/usr/bin:/bin:/usr/sbin:/sbin:/Users/aleksandrzinin/go/bin:/usr/local/Cellar/go/1.10.1/libexec/bin

Yarn version: 
  1.5.1

Node version: 
  8.9.3

Platform: 
  darwin x64

npm manifest: 
  {
    "name": "bpmkiller-server",
    "version": "1.0.0",
    "engines": {
      "node": ">=8.0.0"
    },
    "description": "",
    "main": "dist/index",
    "typings": "dist/index",
    "scripts": {
      "prestart": "docker-compose up -d && node -e 'console.log(\"Waiting for PostgreSQL to finish starting...\"); setTimeout(()=>{}, 3000)'",
      "start": "cd ./api && ../node_modules/.bin/nodemon -e ts --exec '../node_modules/.bin/ts-node boot.ts'",
      "test:unit": "cd ./test/unit && ../../node_modules/.bin/mocha-webpack --require domMocker.js --webpack-config ./webpack.config.js ./**/*.ts",
      "test:integration": "cd ./test/integration && NODE_ENV='test' NODE_CONFIG_DIR='../../api/config' TS_NODE_PROJECT='./tsconfig.json' mocha --compilers ts:../../node_modules/ts-node/register --recursive *.ts",
      "pretest": "npm run prestart",
      "test": "npm run test:unit && npm run test:integration",
      "start:production": "NODE_ENV=production node boot.js",
      "migration:create": "cd ./api && ts-node ../node_modules/.bin/typeorm migrations:create -d db/migrations -n",
      "build": "tsc -p ./api; webpack --config ./client-web/webpack.config.production.js; cp -r {package.json,./api/config} ./api/build",
      "provision:production": "ansible-playbook -l production -i ./ops/config.yml ./ops/provision.yml",
      "deploy:production": "npm run build && ansible-playbook -l production -i ./ops/config.yml ./ops/deploy.yml",
      "ssh:production": "ssh `grep -A2 'hosts' ./ops/config.yml | tail -n +2 | head -n 1`"
    },
    "author": "Zinin Alexander",
    "license": "MIT",
    "devDependencies": {
      "@types/bcrypt": "^1.0.0",
      "@types/chai": "^4.1.4",
      "@types/config": "0.0.32",
      "@types/koa": "^2.0.46",
      "@types/koa-router": "^7.0.31",
      "@types/koa-static": "^3.0.2",
      "@types/mocha": "^2.2.48",
      "@types/node": "^7.0.69",
      "@types/nodemailer": "^1.3.32",
      "@types/tapable": "^0.2.5",
      "@types/vue": "^2.0.0",
      "@types/vue-router": "^2.0.0",
      "@types/webpack": "^2.2.16",
      "axios": "^0.16.2",
      "bootstrap": "^4.0.0-alpha.6",
      "chai": "^4.0.2",
      "css-loader": "^0.28.4",
      "extract-text-webpack-plugin": "^2.1.2",
      "file-loader": "^0.11.2",
      "html-webpack-plugin": "^2.22.0",
      "http2": "^3.3.7",
      "jsdom": "^9.5.0",
      "mocha": "^3.4.2",
      "mocha-webpack": "^1.0.0-beta.1",
      "nodemon": "^1.11.0",
      "source-map-loader": "^0.2.1",
      "style-loader": "^0.18.2",
      "stylus": "^0.54.5",
      "stylus-loader": "^3.0.1",
      "ts-loader": "^2.0.3",
      "ts-node": "^3.3.0",
      "typescript": "^2.3.4",
      "url-loader": "^0.5.8",
      "vue": "^2.5.17",
      "vue-class-component": "^6.2.0",
      "vue-loader": "^12.2.1",
      "vue-property-decorator": "^5.1.0",
      "vue-router": "^2.8.1",
      "vue-template-compiler": "^2.3.4",
      "vue-template-loader": "^1.0.0",
      "webpack-dev-server": "^2.4.5",
      "webpack-hot-middleware": "^2.18.0",
      "webpack-node-externals": "^1.6.0",
      "whatwg-fetch": "^2.0.3",
      "write-file-webpack-plugin": "^4.1.0"
    },
    "dependencies": {
      "bcryptjs": "^2.4.3",
      "config": "^1.26.1",
      "js-yaml": "^3.8.4",
      "jsonwebtoken": "^7.4.1",
      "koa": "^2.5.2",
      "koa-bodyparser": "^4.2.1",
      "koa-router": "^7.2.0",
      "koa-static": "^3.0.0",
      "koa-webpack-dev-middleware": "^1.4.6",
      "koa-webpack-hot-middleware": "^1.0.3",
      "nodemailer": "^4.0.1",
      "pg": "^6.2.4",
      "reflect-metadata": "^0.1.10",
      "routing-controllers": "^0.7.0",
      "typeorm": "^0.3.0-alpha.10",
      "types-installer": "^1.4.0",
      "vue": "^2.5.17",
      "vue-router": "^2.8.1",
      "webpack": "^2.7.0"
    }
  }

yarn manifest: 
  No manifest

Lockfile: 
  No lockfile

Trace: 
  SyntaxError: /Users/aleksandrzinin/Library/Caches/Yarn/v1/npm-resolve-path-1.4.0-c4bda9f5efb2fce65247873ab36bb4d834fe16f7/.yarn-metadata.json: Unexpected end of JSON input
      at JSON.parse (<anonymous>)
      at /Users/aleksandrzinin/.nvm/versions/node/v8.9.3/lib/node_modules/yarn/lib/cli.js:1036:59
      at Generator.next (<anonymous>)
      at step (/Users/aleksandrzinin/.nvm/versions/node/v8.9.3/lib/node_modules/yarn/lib/cli.js:98:30)
      at /Users/aleksandrzinin/.nvm/versions/node/v8.9.3/lib/node_modules/yarn/lib/cli.js:109:13
      at <anonymous>
